<?xml version="1.0" encoding="UTF-8"?>
<!-- Generated by org.testng.reporters.JUnitReportReporter -->
<testsuite hostname="DESKTOP-583OMSP" failures="0" tests="2" name="MyRunner.TestRunners" time="36.570" errors="0" timestamp="27 Jun 2021 08:42:28 GMT" skipped="0">
  <testcase classname="MyRunner.TestRunners" name="runScenario" time="21.528"/>
  <testcase classname="MyRunner.TestRunners" name="runScenario" time="15.042"/>
</testsuite> <!-- MyRunner.TestRunners -->
