<?xml version="1.0" encoding="UTF-8"?>
<!-- Generated by org.testng.reporters.JUnitReportReporter -->
<testsuite hostname="DESKTOP-583OMSP" failures="0" tests="2" name="MyRunner.TestRunners" time="29.121" errors="0" timestamp="27 Jun 2021 13:30:37 GMT" skipped="0">
  <testcase classname="MyRunner.TestRunners" name="runScenario" time="12.516"/>
  <testcase classname="MyRunner.TestRunners" name="runScenario" time="16.605"/>
</testsuite> <!-- MyRunner.TestRunners -->
