<?xml version="1.0" encoding="UTF-8"?>
<!-- Generated by org.testng.reporters.JUnitReportReporter -->
<testsuite hostname="DESKTOP-583OMSP" failures="0" tests="2" name="MyRunner.TestRunners" time="44.160" errors="0" timestamp="27 Jun 2021 10:52:12 GMT" skipped="0">
  <testcase classname="MyRunner.TestRunners" name="runScenario" time="16.710"/>
  <testcase classname="MyRunner.TestRunners" name="runScenario" time="27.450"/>
</testsuite> <!-- MyRunner.TestRunners -->
