<?xml version="1.0" encoding="UTF-8"?>
<!-- Generated by org.testng.reporters.JUnitReportReporter -->
<testsuite hostname="DESKTOP-583OMSP" failures="0" tests="2" name="MyRunner.TestRunners" time="36.169" errors="0" timestamp="27 Jun 2021 13:37:16 GMT" skipped="0">
  <testcase classname="MyRunner.TestRunners" name="runScenario" time="15.095"/>
  <testcase classname="MyRunner.TestRunners" name="runScenario" time="21.074"/>
</testsuite> <!-- MyRunner.TestRunners -->
